2021-11-25 14:00:01,727:INFO:PyCaret Supervised Module
2021-11-25 14:00:01,727:INFO:ML Usecase: clustering
2021-11-25 14:00:01,727:INFO:version 2.3.5
2021-11-25 14:00:01,727:INFO:Initializing setup()
2021-11-25 14:00:01,727:INFO:setup(target=None, ml_usecase=clustering, available_plots={'cluster': 'Cluster PCA Plot (2d)', 'tsne': 'Cluster TSnE (3d)', 'elbow': 'Elbow', 'silhouette': 'Silhouette', 'distance': 'Distance', 'distribution': 'Distribution'}, train_size=0.7, test_data=None, preprocess=True, imputation_type=simple, iterative_imputation_iters=5, categorical_features=None, categorical_imputation=mode, categorical_iterative_imputer=lightgbm, ordinal_features=None, high_cardinality_features=None, high_cardinality_method=frequency, numeric_features=None, numeric_imputation=mean, numeric_iterative_imputer=lightgbm, date_features=None, ignore_features=None, normalize=True, normalize_method=zscore, transformation=False, transformation_method=yeo-johnson, handle_unknown_categorical=True, unknown_categorical_method=least_frequent, pca=False, pca_method=linear, pca_components=None, ignore_low_variance=False, combine_rare_levels=False, rare_level_threshold=0.1, bin_numeric_features=None, remove_outliers=False, outliers_threshold=0.05, remove_multicollinearity=False, multicollinearity_threshold=0.9, remove_perfect_collinearity=False, create_clusters=False, cluster_iter=20, polynomial_features=False, polynomial_degree=2, trigonometry_features=False, polynomial_threshold=0.1, group_features=None, group_names=None, feature_selection=False, feature_selection_threshold=0.8, feature_selection_method=classic, feature_interaction=False, feature_ratio=False, interaction_threshold=0.01, fix_imbalance=False, fix_imbalance_method=None, transform_target=False, transform_target_method=box-cox, data_split_shuffle=False, data_split_stratify=False, fold_strategy=kfold, fold=10, fold_shuffle=False, fold_groups=None, n_jobs=-1, use_gpu=False, custom_pipeline=None, html=True, session_id=None, log_experiment=False, experiment_name=None, log_plots=False, log_profile=False, log_data=False, silent=True, verbose=False, profile=False, profile_kwargs=None, display=None)
2021-11-25 14:00:01,727:INFO:Checking environment
2021-11-25 14:00:01,727:INFO:python_version: 3.8.8
2021-11-25 14:00:01,727:INFO:python_build: ('default', 'Apr 13 2021 12:59:45')
2021-11-25 14:00:01,727:INFO:machine: x86_64
2021-11-25 14:00:01,747:INFO:platform: macOS-10.16-x86_64-i386-64bit
2021-11-25 14:00:01,748:INFO:Memory: svmem(total=17179869184, available=7213785088, percent=58.0, used=9849393152, free=110505984, active=7104614400, inactive=6727696384, wired=2744778752)
2021-11-25 14:00:01,748:INFO:Physical Core: 6
2021-11-25 14:00:01,748:INFO:Logical Core: 12
2021-11-25 14:00:01,748:INFO:Checking libraries
2021-11-25 14:00:01,749:INFO:pd==1.2.4
2021-11-25 14:00:01,749:INFO:numpy==1.19.5
2021-11-25 14:00:01,749:INFO:sklearn==0.23.2
2021-11-25 14:00:01,749:INFO:lightgbm==3.3.1
2021-11-25 14:00:01,750:WARNING:catboost not found
2021-11-25 14:00:01,750:WARNING:xgboost not found
2021-11-25 14:00:02,185:INFO:mlflow==1.21.0
2021-11-25 14:00:02,186:INFO:Checking Exceptions
2021-11-25 14:00:02,186:INFO:Declaring global variables
2021-11-25 14:00:02,186:INFO:USI: 3119
2021-11-25 14:00:02,186:INFO:pycaret_globals: {'iterative_imputation_iters_param', 'pycaret_globals', 'transform_target_param', 'fold_generator', 'exp_name_log', 'imputation_classifier', '_gpu_n_jobs_param', 'data_before_preprocess', 'fix_imbalance_param', 'seed', '_available_plots', '_all_models_internal', 'stratify_param', 'fix_imbalance_method_param', 'fold_param', 'target_param', '_ml_usecase', 'log_plots_param', 'USI', 'create_model_container', 'master_model_container', 'fold_shuffle_param', 'fold_groups_param', '_all_metrics', '_internal_pipeline', '_all_models', 'logging_param', 'n_jobs_param', 'transform_target_method_param', 'prep_pipe', 'experiment__', 'gpu_param', 'html_param', 'X', 'fold_groups_param_full', 'imputation_regressor', 'display_container'}
2021-11-25 14:00:02,186:INFO:Preparing display monitor
2021-11-25 14:00:02,186:INFO:Importing libraries
2021-11-25 14:00:02,186:INFO:Copying data for preprocessing
2021-11-25 14:00:02,188:INFO:Declaring preprocessing parameters
2021-11-25 14:00:02,194:INFO:Creating preprocessing pipeline
2021-11-25 14:00:02,227:INFO:Preprocessing pipeline created successfully
2021-11-25 14:00:02,227:ERROR:(Process Exit): setup has been interupted with user command 'quit'. setup must rerun.
2021-11-25 14:00:02,227:INFO:Creating global containers
2021-11-25 14:00:02,228:INFO:Internal pipeline: Pipeline(memory=None, steps=[('empty_step', 'passthrough')], verbose=False)
2021-11-25 14:00:03,241:INFO:Creating grid variables
2021-11-25 14:00:03,251:INFO:create_model_container: 0
2021-11-25 14:00:03,251:INFO:master_model_container: 0
2021-11-25 14:00:03,251:INFO:display_container: 1
2021-11-25 14:00:03,256:INFO:Pipeline(memory=None,
         steps=[('dtypes',
                 DataTypes_Auto_infer(categorical_features=[],
                                      display_types=False, features_todrop=[],
                                      id_columns=[], ml_usecase='regression',
                                      numerical_features=[],
                                      target='UNSUPERVISED_DUMMY_TARGET',
                                      time_features=[])),
                ('imputer',
                 Simple_Imputer(categorical_strategy='most frequent',
                                fill_value_categorical=None,
                                fill_value_numerical=Non...
                ('P_transform', 'passthrough'), ('binn', 'passthrough'),
                ('rem_outliers', 'passthrough'), ('cluster_all', 'passthrough'),
                ('dummy', Dummify(target='UNSUPERVISED_DUMMY_TARGET')),
                ('fix_perfect', 'passthrough'),
                ('clean_names', Clean_Colum_Names()),
                ('feature_select', 'passthrough'), ('fix_multi', 'passthrough'),
                ('dfs', 'passthrough'), ('pca', 'passthrough')],
         verbose=False)
2021-11-25 14:00:03,256:INFO:setup() succesfully completed......................................
2021-11-25 14:00:03,336:INFO:Initializing create_model()
2021-11-25 14:00:03,336:INFO:create_model(estimator=kmeans, num_clusters=4, fraction=0.05, ground_truth=None, round=4, fit_kwargs=None, verbose=False, system=True, add_to_model_list=True, raise_num_clusters=False, display=None, kwargs={})
2021-11-25 14:00:03,336:INFO:Checking exceptions
2021-11-25 14:00:03,336:INFO:Importing libraries
2021-11-25 14:00:03,336:INFO:Importing untrained model
2021-11-25 14:00:03,336:INFO:K-Means Clustering Imported succesfully
2021-11-25 14:00:03,337:INFO:Fitting Model
2021-11-25 14:00:11,698:INFO:KMeans(algorithm='auto', copy_x=True, init='k-means++', max_iter=300,
       n_clusters=4, n_init=10, n_jobs=-1, precompute_distances='deprecated',
       random_state=3251, tol=0.0001, verbose=0)
2021-11-25 14:00:11,698:INFO:create_models() succesfully completed......................................
2021-11-25 14:00:11,698:INFO:Uploading results into container
2021-11-25 14:00:11,702:INFO:Uploading model into container now
2021-11-25 14:00:11,702:INFO:create_model_container: 1
2021-11-25 14:00:11,702:INFO:master_model_container: 1
2021-11-25 14:00:11,702:INFO:display_container: 2
2021-11-25 14:00:11,703:INFO:KMeans(algorithm='auto', copy_x=True, init='k-means++', max_iter=300,
       n_clusters=4, n_init=10, n_jobs=-1, precompute_distances='deprecated',
       random_state=3251, tol=0.0001, verbose=0)
2021-11-25 14:00:11,703:INFO:create_model() succesfully completed......................................
2021-11-25 14:00:11,782:INFO:Initializing plot_model()
2021-11-25 14:00:11,782:INFO:plot_model(fold=None, use_train_data=False, verbose=True, is_in_evaluate=False, display=None, display_format=None, estimator=KMeans(algorithm='auto', copy_x=True, init='k-means++', max_iter=300,
       n_clusters=4, n_init=10, n_jobs=-1, precompute_distances='deprecated',
       random_state=3251, tol=0.0001, verbose=0), feature_name=None, fit_kwargs=None, groups=None, label=False, plot=elbow, save=True, scale=1, system=True)
2021-11-25 14:00:11,782:INFO:Checking exceptions
2021-11-25 14:00:11,782:INFO:Preparing display monitor
2021-11-25 14:00:11,787:INFO:Preloading libraries
2021-11-25 14:00:11,787:INFO:Copying training dataset
2021-11-25 14:00:11,803:INFO:Plot type: elbow
2021-11-25 14:00:11,979:INFO:Fitting Model
2021-11-25 14:00:30,625:INFO:Saving 'Elbow.png'
2021-11-25 14:00:30,780:INFO:Visual Rendered Successfully
2021-11-25 14:00:30,851:INFO:plot_model() succesfully completed......................................
2021-11-25 14:02:35,803:INFO:PyCaret Supervised Module
2021-11-25 14:02:35,803:INFO:ML Usecase: clustering
2021-11-25 14:02:35,803:INFO:version 2.3.5
2021-11-25 14:02:35,803:INFO:Initializing setup()
2021-11-25 14:02:35,803:INFO:setup(target=None, ml_usecase=clustering, available_plots={'cluster': 'Cluster PCA Plot (2d)', 'tsne': 'Cluster TSnE (3d)', 'elbow': 'Elbow', 'silhouette': 'Silhouette', 'distance': 'Distance', 'distribution': 'Distribution'}, train_size=0.7, test_data=None, preprocess=True, imputation_type=simple, iterative_imputation_iters=5, categorical_features=None, categorical_imputation=mode, categorical_iterative_imputer=lightgbm, ordinal_features=None, high_cardinality_features=None, high_cardinality_method=frequency, numeric_features=None, numeric_imputation=mean, numeric_iterative_imputer=lightgbm, date_features=None, ignore_features=None, normalize=True, normalize_method=zscore, transformation=False, transformation_method=yeo-johnson, handle_unknown_categorical=True, unknown_categorical_method=least_frequent, pca=False, pca_method=linear, pca_components=None, ignore_low_variance=False, combine_rare_levels=False, rare_level_threshold=0.1, bin_numeric_features=None, remove_outliers=False, outliers_threshold=0.05, remove_multicollinearity=False, multicollinearity_threshold=0.9, remove_perfect_collinearity=False, create_clusters=False, cluster_iter=20, polynomial_features=False, polynomial_degree=2, trigonometry_features=False, polynomial_threshold=0.1, group_features=None, group_names=None, feature_selection=False, feature_selection_threshold=0.8, feature_selection_method=classic, feature_interaction=False, feature_ratio=False, interaction_threshold=0.01, fix_imbalance=False, fix_imbalance_method=None, transform_target=False, transform_target_method=box-cox, data_split_shuffle=False, data_split_stratify=False, fold_strategy=kfold, fold=10, fold_shuffle=False, fold_groups=None, n_jobs=-1, use_gpu=False, custom_pipeline=None, html=True, session_id=None, log_experiment=False, experiment_name=None, log_plots=False, log_profile=False, log_data=False, silent=True, verbose=False, profile=False, profile_kwargs=None, display=None)
2021-11-25 14:02:35,803:INFO:Checking environment
2021-11-25 14:02:35,803:INFO:python_version: 3.8.8
2021-11-25 14:02:35,804:INFO:python_build: ('default', 'Apr 13 2021 12:59:45')
2021-11-25 14:02:35,804:INFO:machine: x86_64
2021-11-25 14:02:35,817:INFO:platform: macOS-10.16-x86_64-i386-64bit
2021-11-25 14:02:35,819:INFO:Memory: svmem(total=17179869184, available=7494377472, percent=56.4, used=9550159872, free=599339008, active=6897446912, inactive=6683480064, wired=2652712960)
2021-11-25 14:02:35,819:INFO:Physical Core: 6
2021-11-25 14:02:35,819:INFO:Logical Core: 12
2021-11-25 14:02:35,819:INFO:Checking libraries
2021-11-25 14:02:35,819:INFO:pd==1.2.4
2021-11-25 14:02:35,819:INFO:numpy==1.19.5
2021-11-25 14:02:35,819:INFO:sklearn==0.23.2
2021-11-25 14:02:35,820:INFO:lightgbm==3.3.1
2021-11-25 14:02:35,821:WARNING:catboost not found
2021-11-25 14:02:35,821:WARNING:xgboost not found
2021-11-25 14:02:36,133:INFO:mlflow==1.21.0
2021-11-25 14:02:36,133:INFO:Checking Exceptions
2021-11-25 14:02:36,133:INFO:Declaring global variables
2021-11-25 14:02:36,133:INFO:USI: 857f
2021-11-25 14:02:36,133:INFO:pycaret_globals: {'X', 'log_plots_param', 'USI', 'fold_param', 'fold_groups_param_full', 'data_before_preprocess', 'iterative_imputation_iters_param', 'fix_imbalance_param', 'fold_groups_param', 'experiment__', 'fix_imbalance_method_param', '_all_models_internal', '_all_metrics', 'imputation_regressor', 'exp_name_log', 'imputation_classifier', 'fold_shuffle_param', 'logging_param', 'transform_target_method_param', 'html_param', 'target_param', 'fold_generator', '_available_plots', '_ml_usecase', '_gpu_n_jobs_param', 'gpu_param', 'create_model_container', 'pycaret_globals', 'n_jobs_param', 'transform_target_param', 'prep_pipe', '_all_models', 'display_container', 'master_model_container', 'seed', '_internal_pipeline', 'stratify_param'}
2021-11-25 14:02:36,133:INFO:Preparing display monitor
2021-11-25 14:02:36,133:INFO:Importing libraries
2021-11-25 14:02:36,134:INFO:Copying data for preprocessing
2021-11-25 14:02:36,135:INFO:Declaring preprocessing parameters
2021-11-25 14:02:36,142:INFO:Creating preprocessing pipeline
2021-11-25 14:02:36,174:INFO:Preprocessing pipeline created successfully
2021-11-25 14:02:36,175:ERROR:(Process Exit): setup has been interupted with user command 'quit'. setup must rerun.
2021-11-25 14:02:36,175:INFO:Creating global containers
2021-11-25 14:02:36,175:INFO:Internal pipeline: Pipeline(memory=None, steps=[('empty_step', 'passthrough')], verbose=False)
2021-11-25 14:02:37,139:INFO:Creating grid variables
2021-11-25 14:02:37,149:INFO:create_model_container: 0
2021-11-25 14:02:37,149:INFO:master_model_container: 0
2021-11-25 14:02:37,149:INFO:display_container: 1
2021-11-25 14:02:37,154:INFO:Pipeline(memory=None,
         steps=[('dtypes',
                 DataTypes_Auto_infer(categorical_features=[],
                                      display_types=False, features_todrop=[],
                                      id_columns=[], ml_usecase='regression',
                                      numerical_features=[],
                                      target='UNSUPERVISED_DUMMY_TARGET',
                                      time_features=[])),
                ('imputer',
                 Simple_Imputer(categorical_strategy='most frequent',
                                fill_value_categorical=None,
                                fill_value_numerical=Non...
                ('P_transform', 'passthrough'), ('binn', 'passthrough'),
                ('rem_outliers', 'passthrough'), ('cluster_all', 'passthrough'),
                ('dummy', Dummify(target='UNSUPERVISED_DUMMY_TARGET')),
                ('fix_perfect', 'passthrough'),
                ('clean_names', Clean_Colum_Names()),
                ('feature_select', 'passthrough'), ('fix_multi', 'passthrough'),
                ('dfs', 'passthrough'), ('pca', 'passthrough')],
         verbose=False)
2021-11-25 14:02:37,154:INFO:setup() succesfully completed......................................
2021-11-25 14:02:37,235:INFO:Initializing create_model()
2021-11-25 14:02:37,235:INFO:create_model(estimator=kmeans, num_clusters=4, fraction=0.05, ground_truth=None, round=4, fit_kwargs=None, verbose=False, system=True, add_to_model_list=True, raise_num_clusters=False, display=None, kwargs={})
2021-11-25 14:02:37,235:INFO:Checking exceptions
2021-11-25 14:02:37,236:INFO:Importing libraries
2021-11-25 14:02:37,236:INFO:Importing untrained model
2021-11-25 14:02:37,236:INFO:K-Means Clustering Imported succesfully
2021-11-25 14:02:37,237:INFO:Fitting Model
2021-11-25 14:02:44,486:INFO:KMeans(algorithm='auto', copy_x=True, init='k-means++', max_iter=300,
       n_clusters=4, n_init=10, n_jobs=-1, precompute_distances='deprecated',
       random_state=5093, tol=0.0001, verbose=0)
2021-11-25 14:02:44,486:INFO:create_models() succesfully completed......................................
2021-11-25 14:02:44,486:INFO:Uploading results into container
2021-11-25 14:02:44,490:INFO:Uploading model into container now
2021-11-25 14:02:44,490:INFO:create_model_container: 1
2021-11-25 14:02:44,490:INFO:master_model_container: 1
2021-11-25 14:02:44,490:INFO:display_container: 2
2021-11-25 14:02:44,490:INFO:KMeans(algorithm='auto', copy_x=True, init='k-means++', max_iter=300,
       n_clusters=4, n_init=10, n_jobs=-1, precompute_distances='deprecated',
       random_state=5093, tol=0.0001, verbose=0)
2021-11-25 14:02:44,490:INFO:create_model() succesfully completed......................................
2021-11-25 14:02:44,554:INFO:Initializing plot_model()
2021-11-25 14:02:44,554:INFO:plot_model(fold=None, use_train_data=False, verbose=True, is_in_evaluate=False, display=None, display_format=None, estimator=KMeans(algorithm='auto', copy_x=True, init='k-means++', max_iter=300,
       n_clusters=4, n_init=10, n_jobs=-1, precompute_distances='deprecated',
       random_state=5093, tol=0.0001, verbose=0), feature_name=None, fit_kwargs=None, groups=None, label=False, plot=elbow, save=True, scale=1, system=True)
2021-11-25 14:02:44,554:INFO:Checking exceptions
2021-11-25 14:02:44,554:INFO:Preparing display monitor
2021-11-25 14:02:44,558:INFO:Preloading libraries
2021-11-25 14:02:44,559:INFO:Copying training dataset
2021-11-25 14:02:44,573:INFO:Plot type: elbow
2021-11-25 14:02:44,699:INFO:Fitting Model
2021-11-25 14:03:01,382:INFO:Saving 'Elbow.png'
2021-11-25 14:03:01,520:INFO:Visual Rendered Successfully
2021-11-25 14:03:01,591:INFO:plot_model() succesfully completed......................................
2021-11-25 14:08:15,906:INFO:PyCaret Supervised Module
2021-11-25 14:08:15,907:INFO:ML Usecase: clustering
2021-11-25 14:08:15,907:INFO:version 2.3.5
2021-11-25 14:08:15,907:INFO:Initializing setup()
2021-11-25 14:08:15,907:INFO:setup(target=None, ml_usecase=clustering, available_plots={'cluster': 'Cluster PCA Plot (2d)', 'tsne': 'Cluster TSnE (3d)', 'elbow': 'Elbow', 'silhouette': 'Silhouette', 'distance': 'Distance', 'distribution': 'Distribution'}, train_size=0.7, test_data=None, preprocess=True, imputation_type=simple, iterative_imputation_iters=5, categorical_features=None, categorical_imputation=mode, categorical_iterative_imputer=lightgbm, ordinal_features=None, high_cardinality_features=None, high_cardinality_method=frequency, numeric_features=None, numeric_imputation=mean, numeric_iterative_imputer=lightgbm, date_features=None, ignore_features=None, normalize=False, normalize_method=zscore, transformation=False, transformation_method=yeo-johnson, handle_unknown_categorical=True, unknown_categorical_method=least_frequent, pca=True, pca_method=linear, pca_components=None, ignore_low_variance=False, combine_rare_levels=False, rare_level_threshold=0.1, bin_numeric_features=None, remove_outliers=False, outliers_threshold=0.05, remove_multicollinearity=False, multicollinearity_threshold=0.9, remove_perfect_collinearity=False, create_clusters=False, cluster_iter=20, polynomial_features=False, polynomial_degree=2, trigonometry_features=False, polynomial_threshold=0.1, group_features=None, group_names=None, feature_selection=False, feature_selection_threshold=0.8, feature_selection_method=classic, feature_interaction=False, feature_ratio=False, interaction_threshold=0.01, fix_imbalance=False, fix_imbalance_method=None, transform_target=False, transform_target_method=box-cox, data_split_shuffle=False, data_split_stratify=False, fold_strategy=kfold, fold=10, fold_shuffle=False, fold_groups=None, n_jobs=-1, use_gpu=False, custom_pipeline=None, html=True, session_id=None, log_experiment=False, experiment_name=None, log_plots=False, log_profile=False, log_data=False, silent=True, verbose=False, profile=False, profile_kwargs=None, display=None)
2021-11-25 14:08:15,907:INFO:Checking environment
2021-11-25 14:08:15,907:INFO:python_version: 3.8.8
2021-11-25 14:08:15,907:INFO:python_build: ('default', 'Apr 13 2021 12:59:45')
2021-11-25 14:08:15,907:INFO:machine: x86_64
2021-11-25 14:08:15,917:INFO:platform: macOS-10.16-x86_64-i386-64bit
2021-11-25 14:08:15,918:INFO:Memory: svmem(total=17179869184, available=7409930240, percent=56.9, used=9631309824, free=424402944, active=6988996608, inactive=6747140096, wired=2642313216)
2021-11-25 14:08:15,919:INFO:Physical Core: 6
2021-11-25 14:08:15,919:INFO:Logical Core: 12
2021-11-25 14:08:15,919:INFO:Checking libraries
2021-11-25 14:08:15,919:INFO:pd==1.2.4
2021-11-25 14:08:15,919:INFO:numpy==1.19.5
2021-11-25 14:08:15,919:INFO:sklearn==0.23.2
2021-11-25 14:08:15,920:INFO:lightgbm==3.3.1
2021-11-25 14:08:15,920:WARNING:catboost not found
2021-11-25 14:08:15,921:WARNING:xgboost not found
2021-11-25 14:08:16,216:INFO:mlflow==1.21.0
2021-11-25 14:08:16,216:INFO:Checking Exceptions
2021-11-25 14:08:16,216:INFO:Declaring global variables
2021-11-25 14:08:16,216:INFO:USI: 712f
2021-11-25 14:08:16,216:INFO:pycaret_globals: {'logging_param', '_all_metrics', 'display_container', 'fix_imbalance_method_param', '_internal_pipeline', 'imputation_regressor', 'transform_target_method_param', 'fold_param', '_gpu_n_jobs_param', 'n_jobs_param', 'stratify_param', 'X', 'USI', '_all_models_internal', 'experiment__', 'fold_shuffle_param', 'fold_generator', 'seed', '_available_plots', 'prep_pipe', 'html_param', 'pycaret_globals', 'target_param', 'master_model_container', 'fold_groups_param_full', 'iterative_imputation_iters_param', 'fold_groups_param', 'imputation_classifier', '_ml_usecase', 'data_before_preprocess', '_all_models', 'create_model_container', 'transform_target_param', 'gpu_param', 'fix_imbalance_param', 'log_plots_param', 'exp_name_log'}
2021-11-25 14:08:16,216:INFO:Preparing display monitor
2021-11-25 14:08:16,216:INFO:Importing libraries
2021-11-25 14:08:16,216:INFO:Copying data for preprocessing
2021-11-25 14:08:16,218:INFO:Declaring preprocessing parameters
2021-11-25 14:08:16,224:INFO:Creating preprocessing pipeline
2021-11-25 14:08:16,258:INFO:Preprocessing pipeline created successfully
2021-11-25 14:08:16,258:ERROR:(Process Exit): setup has been interupted with user command 'quit'. setup must rerun.
2021-11-25 14:08:16,258:INFO:Creating global containers
2021-11-25 14:08:16,259:INFO:Internal pipeline: Pipeline(memory=None, steps=[('empty_step', 'passthrough')], verbose=False)
2021-11-25 14:08:17,435:INFO:Creating grid variables
2021-11-25 14:08:17,445:INFO:create_model_container: 0
2021-11-25 14:08:17,445:INFO:master_model_container: 0
2021-11-25 14:08:17,445:INFO:display_container: 1
2021-11-25 14:08:17,449:INFO:Pipeline(memory=None,
         steps=[('dtypes',
                 DataTypes_Auto_infer(categorical_features=[],
                                      display_types=False, features_todrop=[],
                                      id_columns=[], ml_usecase='regression',
                                      numerical_features=[],
                                      target='UNSUPERVISED_DUMMY_TARGET',
                                      time_features=[])),
                ('imputer',
                 Simple_Imputer(categorical_strategy='most frequent',
                                fill_value_categorical=None,
                                fill_value_numerical=Non...
                ('dummy', Dummify(target='UNSUPERVISED_DUMMY_TARGET')),
                ('fix_perfect', 'passthrough'),
                ('clean_names', Clean_Colum_Names()),
                ('feature_select', 'passthrough'), ('fix_multi', 'passthrough'),
                ('dfs', 'passthrough'),
                ('pca',
                 Reduce_Dimensions_For_Supervised_Path(method='pca_liner',
                                                       random_state=1732,
                                                       target='UNSUPERVISED_DUMMY_TARGET',
                                                       variance_retained_or_number_of_components=None))],
         verbose=False)
2021-11-25 14:08:17,449:INFO:setup() succesfully completed......................................
2021-11-25 14:08:17,515:INFO:Initializing create_model()
2021-11-25 14:08:17,515:INFO:create_model(estimator=kmeans, num_clusters=4, fraction=0.05, ground_truth=None, round=4, fit_kwargs=None, verbose=False, system=True, add_to_model_list=True, raise_num_clusters=False, display=None, kwargs={})
2021-11-25 14:08:17,515:INFO:Checking exceptions
2021-11-25 14:08:17,515:INFO:Importing libraries
2021-11-25 14:08:17,515:INFO:Importing untrained model
2021-11-25 14:08:17,515:INFO:K-Means Clustering Imported succesfully
2021-11-25 14:08:17,516:INFO:Fitting Model
2021-11-25 14:08:23,509:INFO:KMeans(algorithm='auto', copy_x=True, init='k-means++', max_iter=300,
       n_clusters=4, n_init=10, n_jobs=-1, precompute_distances='deprecated',
       random_state=1732, tol=0.0001, verbose=0)
2021-11-25 14:08:23,509:INFO:create_models() succesfully completed......................................
2021-11-25 14:08:23,509:INFO:Uploading results into container
2021-11-25 14:08:23,512:INFO:Uploading model into container now
2021-11-25 14:08:23,512:INFO:create_model_container: 1
2021-11-25 14:08:23,513:INFO:master_model_container: 1
2021-11-25 14:08:23,513:INFO:display_container: 2
2021-11-25 14:08:23,513:INFO:KMeans(algorithm='auto', copy_x=True, init='k-means++', max_iter=300,
       n_clusters=4, n_init=10, n_jobs=-1, precompute_distances='deprecated',
       random_state=1732, tol=0.0001, verbose=0)
2021-11-25 14:08:23,513:INFO:create_model() succesfully completed......................................
2021-11-25 14:08:23,581:INFO:Initializing plot_model()
2021-11-25 14:08:23,584:INFO:plot_model(fold=None, use_train_data=False, verbose=True, is_in_evaluate=False, display=None, display_format=None, estimator=KMeans(algorithm='auto', copy_x=True, init='k-means++', max_iter=300,
       n_clusters=4, n_init=10, n_jobs=-1, precompute_distances='deprecated',
       random_state=1732, tol=0.0001, verbose=0), feature_name=None, fit_kwargs=None, groups=None, label=False, plot=elbow, save=True, scale=1, system=True)
2021-11-25 14:08:23,585:INFO:Checking exceptions
2021-11-25 14:08:23,585:INFO:Preparing display monitor
2021-11-25 14:08:23,590:INFO:Preloading libraries
2021-11-25 14:08:23,591:INFO:Copying training dataset
2021-11-25 14:08:23,591:INFO:Plot type: elbow
2021-11-25 14:08:23,717:INFO:Fitting Model
2021-11-25 14:08:25,697:INFO:Saving 'Elbow.png'
2021-11-25 14:08:25,824:INFO:Visual Rendered Successfully
2021-11-25 14:08:25,898:INFO:plot_model() succesfully completed......................................
2021-11-25 14:10:34,158:INFO:PyCaret Supervised Module
2021-11-25 14:10:34,158:INFO:ML Usecase: clustering
2021-11-25 14:10:34,158:INFO:version 2.3.5
2021-11-25 14:10:34,158:INFO:Initializing setup()
2021-11-25 14:10:34,158:INFO:setup(target=None, ml_usecase=clustering, available_plots={'cluster': 'Cluster PCA Plot (2d)', 'tsne': 'Cluster TSnE (3d)', 'elbow': 'Elbow', 'silhouette': 'Silhouette', 'distance': 'Distance', 'distribution': 'Distribution'}, train_size=0.7, test_data=None, preprocess=True, imputation_type=simple, iterative_imputation_iters=5, categorical_features=None, categorical_imputation=mode, categorical_iterative_imputer=lightgbm, ordinal_features=None, high_cardinality_features=None, high_cardinality_method=frequency, numeric_features=None, numeric_imputation=mean, numeric_iterative_imputer=lightgbm, date_features=None, ignore_features=None, normalize=True, normalize_method=zscore, transformation=False, transformation_method=yeo-johnson, handle_unknown_categorical=True, unknown_categorical_method=least_frequent, pca=False, pca_method=linear, pca_components=None, ignore_low_variance=False, combine_rare_levels=False, rare_level_threshold=0.1, bin_numeric_features=None, remove_outliers=False, outliers_threshold=0.05, remove_multicollinearity=False, multicollinearity_threshold=0.9, remove_perfect_collinearity=False, create_clusters=False, cluster_iter=20, polynomial_features=False, polynomial_degree=2, trigonometry_features=False, polynomial_threshold=0.1, group_features=None, group_names=None, feature_selection=False, feature_selection_threshold=0.8, feature_selection_method=classic, feature_interaction=False, feature_ratio=False, interaction_threshold=0.01, fix_imbalance=False, fix_imbalance_method=None, transform_target=False, transform_target_method=box-cox, data_split_shuffle=False, data_split_stratify=False, fold_strategy=kfold, fold=10, fold_shuffle=False, fold_groups=None, n_jobs=-1, use_gpu=False, custom_pipeline=None, html=True, session_id=None, log_experiment=False, experiment_name=None, log_plots=False, log_profile=False, log_data=False, silent=True, verbose=False, profile=False, profile_kwargs=None, display=None)
2021-11-25 14:10:34,158:INFO:Checking environment
2021-11-25 14:10:34,158:INFO:python_version: 3.8.8
2021-11-25 14:10:34,158:INFO:python_build: ('default', 'Apr 13 2021 12:59:45')
2021-11-25 14:10:34,158:INFO:machine: x86_64
2021-11-25 14:10:34,169:INFO:platform: macOS-10.16-x86_64-i386-64bit
2021-11-25 14:10:34,170:INFO:Memory: svmem(total=17179869184, available=7461371904, percent=56.6, used=9568276480, free=644067328, active=6821093376, inactive=6612500480, wired=2747183104)
2021-11-25 14:10:34,170:INFO:Physical Core: 6
2021-11-25 14:10:34,170:INFO:Logical Core: 12
2021-11-25 14:10:34,170:INFO:Checking libraries
2021-11-25 14:10:34,170:INFO:pd==1.2.4
2021-11-25 14:10:34,170:INFO:numpy==1.19.5
2021-11-25 14:10:34,170:INFO:sklearn==0.23.2
2021-11-25 14:10:34,171:INFO:lightgbm==3.3.1
2021-11-25 14:10:34,172:WARNING:catboost not found
2021-11-25 14:10:34,172:WARNING:xgboost not found
2021-11-25 14:10:34,439:INFO:mlflow==1.21.0
2021-11-25 14:10:34,439:INFO:Checking Exceptions
2021-11-25 14:10:34,439:INFO:Declaring global variables
2021-11-25 14:10:34,439:INFO:USI: f17e
2021-11-25 14:10:34,439:INFO:pycaret_globals: {'html_param', '_gpu_n_jobs_param', 'USI', 'create_model_container', 'fold_param', 'n_jobs_param', 'seed', 'fold_shuffle_param', '_available_plots', 'experiment__', 'master_model_container', 'gpu_param', 'fold_groups_param_full', 'imputation_regressor', 'stratify_param', 'imputation_classifier', '_all_models_internal', '_internal_pipeline', 'target_param', 'prep_pipe', 'logging_param', 'pycaret_globals', 'X', '_ml_usecase', 'exp_name_log', 'iterative_imputation_iters_param', '_all_models', '_all_metrics', 'display_container', 'transform_target_method_param', 'fix_imbalance_param', 'fix_imbalance_method_param', 'fold_generator', 'transform_target_param', 'log_plots_param', 'data_before_preprocess', 'fold_groups_param'}
2021-11-25 14:10:34,439:INFO:Preparing display monitor
2021-11-25 14:10:34,439:INFO:Importing libraries
2021-11-25 14:10:34,439:INFO:Copying data for preprocessing
2021-11-25 14:10:34,441:INFO:Declaring preprocessing parameters
2021-11-25 14:10:34,446:INFO:Creating preprocessing pipeline
2021-11-25 14:10:34,478:INFO:Preprocessing pipeline created successfully
2021-11-25 14:10:34,478:ERROR:(Process Exit): setup has been interupted with user command 'quit'. setup must rerun.
2021-11-25 14:10:34,478:INFO:Creating global containers
2021-11-25 14:10:34,479:INFO:Internal pipeline: Pipeline(memory=None, steps=[('empty_step', 'passthrough')], verbose=False)
2021-11-25 14:10:35,382:INFO:Creating grid variables
2021-11-25 14:10:35,391:INFO:create_model_container: 0
2021-11-25 14:10:35,391:INFO:master_model_container: 0
2021-11-25 14:10:35,391:INFO:display_container: 1
2021-11-25 14:10:35,396:INFO:Pipeline(memory=None,
         steps=[('dtypes',
                 DataTypes_Auto_infer(categorical_features=[],
                                      display_types=False, features_todrop=[],
                                      id_columns=[], ml_usecase='regression',
                                      numerical_features=[],
                                      target='UNSUPERVISED_DUMMY_TARGET',
                                      time_features=[])),
                ('imputer',
                 Simple_Imputer(categorical_strategy='most frequent',
                                fill_value_categorical=None,
                                fill_value_numerical=Non...
                ('P_transform', 'passthrough'), ('binn', 'passthrough'),
                ('rem_outliers', 'passthrough'), ('cluster_all', 'passthrough'),
                ('dummy', Dummify(target='UNSUPERVISED_DUMMY_TARGET')),
                ('fix_perfect', 'passthrough'),
                ('clean_names', Clean_Colum_Names()),
                ('feature_select', 'passthrough'), ('fix_multi', 'passthrough'),
                ('dfs', 'passthrough'), ('pca', 'passthrough')],
         verbose=False)
2021-11-25 14:10:35,396:INFO:setup() succesfully completed......................................
2021-11-25 14:10:35,476:INFO:Initializing create_model()
2021-11-25 14:10:35,476:INFO:create_model(estimator=kmeans, num_clusters=4, fraction=0.05, ground_truth=None, round=4, fit_kwargs=None, verbose=False, system=True, add_to_model_list=True, raise_num_clusters=False, display=None, kwargs={})
2021-11-25 14:10:35,476:INFO:Checking exceptions
2021-11-25 14:10:35,476:INFO:Importing libraries
2021-11-25 14:10:35,476:INFO:Importing untrained model
2021-11-25 14:10:35,477:INFO:K-Means Clustering Imported succesfully
2021-11-25 14:10:35,477:INFO:Fitting Model
2021-11-25 14:10:42,563:INFO:KMeans(algorithm='auto', copy_x=True, init='k-means++', max_iter=300,
       n_clusters=4, n_init=10, n_jobs=-1, precompute_distances='deprecated',
       random_state=3623, tol=0.0001, verbose=0)
2021-11-25 14:10:42,563:INFO:create_models() succesfully completed......................................
2021-11-25 14:10:42,563:INFO:Uploading results into container
2021-11-25 14:10:42,566:INFO:Uploading model into container now
2021-11-25 14:10:42,566:INFO:create_model_container: 1
2021-11-25 14:10:42,566:INFO:master_model_container: 1
2021-11-25 14:10:42,567:INFO:display_container: 2
2021-11-25 14:10:42,567:INFO:KMeans(algorithm='auto', copy_x=True, init='k-means++', max_iter=300,
       n_clusters=4, n_init=10, n_jobs=-1, precompute_distances='deprecated',
       random_state=3623, tol=0.0001, verbose=0)
2021-11-25 14:10:42,567:INFO:create_model() succesfully completed......................................
2021-11-25 14:10:42,629:INFO:Initializing plot_model()
2021-11-25 14:10:42,629:INFO:plot_model(fold=None, use_train_data=False, verbose=True, is_in_evaluate=False, display=None, display_format=None, estimator=KMeans(algorithm='auto', copy_x=True, init='k-means++', max_iter=300,
       n_clusters=4, n_init=10, n_jobs=-1, precompute_distances='deprecated',
       random_state=3623, tol=0.0001, verbose=0), feature_name=None, fit_kwargs=None, groups=None, label=False, plot=elbow, save=True, scale=1, system=True)
2021-11-25 14:10:42,629:INFO:Checking exceptions
2021-11-25 14:10:42,629:INFO:Preparing display monitor
2021-11-25 14:10:42,634:INFO:Preloading libraries
2021-11-25 14:10:42,634:INFO:Copying training dataset
2021-11-25 14:10:42,648:INFO:Plot type: elbow
2021-11-25 14:10:42,768:INFO:Fitting Model
2021-11-25 14:10:59,544:INFO:Saving 'Elbow.png'
2021-11-25 14:10:59,676:INFO:Visual Rendered Successfully
2021-11-25 14:10:59,743:INFO:plot_model() succesfully completed......................................
2021-11-25 14:12:25,352:INFO:PyCaret Supervised Module
2021-11-25 14:12:25,352:INFO:ML Usecase: clustering
2021-11-25 14:12:25,352:INFO:version 2.3.5
2021-11-25 14:12:25,352:INFO:Initializing setup()
2021-11-25 14:12:25,352:INFO:setup(target=None, ml_usecase=clustering, available_plots={'cluster': 'Cluster PCA Plot (2d)', 'tsne': 'Cluster TSnE (3d)', 'elbow': 'Elbow', 'silhouette': 'Silhouette', 'distance': 'Distance', 'distribution': 'Distribution'}, train_size=0.7, test_data=None, preprocess=True, imputation_type=simple, iterative_imputation_iters=5, categorical_features=None, categorical_imputation=mode, categorical_iterative_imputer=lightgbm, ordinal_features=None, high_cardinality_features=None, high_cardinality_method=frequency, numeric_features=None, numeric_imputation=mean, numeric_iterative_imputer=lightgbm, date_features=None, ignore_features=None, normalize=True, normalize_method=zscore, transformation=False, transformation_method=yeo-johnson, handle_unknown_categorical=True, unknown_categorical_method=least_frequent, pca=False, pca_method=linear, pca_components=None, ignore_low_variance=False, combine_rare_levels=False, rare_level_threshold=0.1, bin_numeric_features=None, remove_outliers=False, outliers_threshold=0.05, remove_multicollinearity=False, multicollinearity_threshold=0.9, remove_perfect_collinearity=False, create_clusters=False, cluster_iter=20, polynomial_features=False, polynomial_degree=2, trigonometry_features=False, polynomial_threshold=0.1, group_features=None, group_names=None, feature_selection=False, feature_selection_threshold=0.8, feature_selection_method=classic, feature_interaction=False, feature_ratio=False, interaction_threshold=0.01, fix_imbalance=False, fix_imbalance_method=None, transform_target=False, transform_target_method=box-cox, data_split_shuffle=False, data_split_stratify=False, fold_strategy=kfold, fold=10, fold_shuffle=False, fold_groups=None, n_jobs=-1, use_gpu=False, custom_pipeline=None, html=True, session_id=None, log_experiment=False, experiment_name=None, log_plots=False, log_profile=False, log_data=False, silent=True, verbose=False, profile=False, profile_kwargs=None, display=None)
2021-11-25 14:12:25,352:INFO:Checking environment
2021-11-25 14:12:25,352:INFO:python_version: 3.8.8
2021-11-25 14:12:25,352:INFO:python_build: ('default', 'Apr 13 2021 12:59:45')
2021-11-25 14:12:25,352:INFO:machine: x86_64
2021-11-25 14:12:25,363:INFO:platform: macOS-10.16-x86_64-i386-64bit
2021-11-25 14:12:25,364:INFO:Memory: svmem(total=17179869184, available=7527690240, percent=56.2, used=9502388224, free=650555392, active=6879334400, inactive=6670573568, wired=2623053824)
2021-11-25 14:12:25,364:INFO:Physical Core: 6
2021-11-25 14:12:25,364:INFO:Logical Core: 12
2021-11-25 14:12:25,364:INFO:Checking libraries
2021-11-25 14:12:25,364:INFO:pd==1.2.4
2021-11-25 14:12:25,364:INFO:numpy==1.19.5
2021-11-25 14:12:25,364:INFO:sklearn==0.23.2
2021-11-25 14:12:25,364:INFO:lightgbm==3.3.1
2021-11-25 14:12:25,365:WARNING:catboost not found
2021-11-25 14:12:25,366:WARNING:xgboost not found
2021-11-25 14:12:25,622:INFO:mlflow==1.21.0
2021-11-25 14:12:25,622:INFO:Checking Exceptions
2021-11-25 14:12:25,622:INFO:Declaring global variables
2021-11-25 14:12:25,622:INFO:USI: 1376
2021-11-25 14:12:25,623:INFO:pycaret_globals: {'seed', 'data_before_preprocess', 'n_jobs_param', 'stratify_param', 'logging_param', 'html_param', 'pycaret_globals', 'fold_generator', 'target_param', 'fix_imbalance_param', 'USI', 'create_model_container', 'gpu_param', 'transform_target_method_param', '_internal_pipeline', '_gpu_n_jobs_param', 'transform_target_param', '_available_plots', '_all_models', 'iterative_imputation_iters_param', 'X', 'log_plots_param', 'imputation_regressor', '_ml_usecase', 'fold_groups_param', '_all_models_internal', 'prep_pipe', 'exp_name_log', 'master_model_container', 'experiment__', 'fold_groups_param_full', 'fold_shuffle_param', 'imputation_classifier', 'fix_imbalance_method_param', 'fold_param', '_all_metrics', 'display_container'}
2021-11-25 14:12:25,623:INFO:Preparing display monitor
2021-11-25 14:12:25,623:INFO:Importing libraries
2021-11-25 14:12:25,623:INFO:Copying data for preprocessing
2021-11-25 14:12:25,624:INFO:Declaring preprocessing parameters
2021-11-25 14:12:25,631:INFO:Creating preprocessing pipeline
2021-11-25 14:12:25,664:INFO:Preprocessing pipeline created successfully
2021-11-25 14:12:25,664:ERROR:(Process Exit): setup has been interupted with user command 'quit'. setup must rerun.
2021-11-25 14:12:25,664:INFO:Creating global containers
2021-11-25 14:12:25,665:INFO:Internal pipeline: Pipeline(memory=None, steps=[('empty_step', 'passthrough')], verbose=False)
2021-11-25 14:12:26,659:INFO:Creating grid variables
2021-11-25 14:12:26,669:INFO:create_model_container: 0
2021-11-25 14:12:26,669:INFO:master_model_container: 0
2021-11-25 14:12:26,669:INFO:display_container: 1
2021-11-25 14:12:26,675:INFO:Pipeline(memory=None,
         steps=[('dtypes',
                 DataTypes_Auto_infer(categorical_features=[],
                                      display_types=False, features_todrop=[],
                                      id_columns=[], ml_usecase='regression',
                                      numerical_features=[],
                                      target='UNSUPERVISED_DUMMY_TARGET',
                                      time_features=[])),
                ('imputer',
                 Simple_Imputer(categorical_strategy='most frequent',
                                fill_value_categorical=None,
                                fill_value_numerical=Non...
                ('P_transform', 'passthrough'), ('binn', 'passthrough'),
                ('rem_outliers', 'passthrough'), ('cluster_all', 'passthrough'),
                ('dummy', Dummify(target='UNSUPERVISED_DUMMY_TARGET')),
                ('fix_perfect', 'passthrough'),
                ('clean_names', Clean_Colum_Names()),
                ('feature_select', 'passthrough'), ('fix_multi', 'passthrough'),
                ('dfs', 'passthrough'), ('pca', 'passthrough')],
         verbose=False)
2021-11-25 14:12:26,675:INFO:setup() succesfully completed......................................
2021-11-25 14:12:26,772:INFO:Initializing create_model()
2021-11-25 14:12:26,772:INFO:create_model(estimator=kmeans, num_clusters=4, fraction=0.05, ground_truth=None, round=4, fit_kwargs=None, verbose=False, system=True, add_to_model_list=True, raise_num_clusters=False, display=None, kwargs={})
2021-11-25 14:12:26,772:INFO:Checking exceptions
2021-11-25 14:12:26,773:INFO:Importing libraries
2021-11-25 14:12:26,773:INFO:Importing untrained model
2021-11-25 14:12:26,773:INFO:K-Means Clustering Imported succesfully
2021-11-25 14:12:26,773:INFO:Fitting Model
2021-11-25 14:12:35,003:INFO:KMeans(algorithm='auto', copy_x=True, init='k-means++', max_iter=300,
       n_clusters=4, n_init=10, n_jobs=-1, precompute_distances='deprecated',
       random_state=230, tol=0.0001, verbose=0)
2021-11-25 14:12:35,003:INFO:create_models() succesfully completed......................................
2021-11-25 14:12:35,003:INFO:Uploading results into container
2021-11-25 14:12:35,007:INFO:Uploading model into container now
2021-11-25 14:12:35,007:INFO:create_model_container: 1
2021-11-25 14:12:35,007:INFO:master_model_container: 1
2021-11-25 14:12:35,007:INFO:display_container: 2
2021-11-25 14:12:35,007:INFO:KMeans(algorithm='auto', copy_x=True, init='k-means++', max_iter=300,
       n_clusters=4, n_init=10, n_jobs=-1, precompute_distances='deprecated',
       random_state=230, tol=0.0001, verbose=0)
2021-11-25 14:12:35,007:INFO:create_model() succesfully completed......................................
2021-11-25 14:12:35,076:INFO:Initializing plot_model()
2021-11-25 14:12:35,076:INFO:plot_model(fold=None, use_train_data=False, verbose=True, is_in_evaluate=False, display=None, display_format=None, estimator=KMeans(algorithm='auto', copy_x=True, init='k-means++', max_iter=300,
       n_clusters=4, n_init=10, n_jobs=-1, precompute_distances='deprecated',
       random_state=230, tol=0.0001, verbose=0), feature_name=None, fit_kwargs=None, groups=None, label=False, plot=elbow, save=True, scale=1, system=True)
2021-11-25 14:12:35,076:INFO:Checking exceptions
2021-11-25 14:12:35,077:INFO:Preparing display monitor
2021-11-25 14:12:35,081:INFO:Preloading libraries
2021-11-25 14:12:35,081:INFO:Copying training dataset
2021-11-25 14:12:35,095:INFO:Plot type: elbow
2021-11-25 14:12:35,224:INFO:Fitting Model
2021-11-25 14:12:52,507:INFO:Saving 'Elbow.png'
2021-11-25 14:12:52,670:INFO:Visual Rendered Successfully
2021-11-25 14:12:52,742:INFO:plot_model() succesfully completed......................................
2021-11-25 14:13:53,323:INFO:PyCaret Supervised Module
2021-11-25 14:13:53,324:INFO:ML Usecase: clustering
2021-11-25 14:13:53,324:INFO:version 2.3.5
2021-11-25 14:13:53,324:INFO:Initializing setup()
2021-11-25 14:13:53,324:INFO:setup(target=None, ml_usecase=clustering, available_plots={'cluster': 'Cluster PCA Plot (2d)', 'tsne': 'Cluster TSnE (3d)', 'elbow': 'Elbow', 'silhouette': 'Silhouette', 'distance': 'Distance', 'distribution': 'Distribution'}, train_size=0.7, test_data=None, preprocess=True, imputation_type=simple, iterative_imputation_iters=5, categorical_features=None, categorical_imputation=mode, categorical_iterative_imputer=lightgbm, ordinal_features=None, high_cardinality_features=None, high_cardinality_method=frequency, numeric_features=None, numeric_imputation=mean, numeric_iterative_imputer=lightgbm, date_features=None, ignore_features=None, normalize=True, normalize_method=zscore, transformation=False, transformation_method=yeo-johnson, handle_unknown_categorical=True, unknown_categorical_method=least_frequent, pca=True, pca_method=linear, pca_components=None, ignore_low_variance=False, combine_rare_levels=False, rare_level_threshold=0.1, bin_numeric_features=None, remove_outliers=False, outliers_threshold=0.05, remove_multicollinearity=False, multicollinearity_threshold=0.9, remove_perfect_collinearity=False, create_clusters=False, cluster_iter=20, polynomial_features=False, polynomial_degree=2, trigonometry_features=False, polynomial_threshold=0.1, group_features=None, group_names=None, feature_selection=False, feature_selection_threshold=0.8, feature_selection_method=classic, feature_interaction=False, feature_ratio=False, interaction_threshold=0.01, fix_imbalance=False, fix_imbalance_method=None, transform_target=False, transform_target_method=box-cox, data_split_shuffle=False, data_split_stratify=False, fold_strategy=kfold, fold=10, fold_shuffle=False, fold_groups=None, n_jobs=-1, use_gpu=False, custom_pipeline=None, html=True, session_id=None, log_experiment=False, experiment_name=None, log_plots=False, log_profile=False, log_data=False, silent=True, verbose=False, profile=False, profile_kwargs=None, display=None)
2021-11-25 14:13:53,324:INFO:Checking environment
2021-11-25 14:13:53,324:INFO:python_version: 3.8.8
2021-11-25 14:13:53,324:INFO:python_build: ('default', 'Apr 13 2021 12:59:45')
2021-11-25 14:13:53,324:INFO:machine: x86_64
2021-11-25 14:13:53,335:INFO:platform: macOS-10.16-x86_64-i386-64bit
2021-11-25 14:13:53,344:INFO:Memory: svmem(total=17179869184, available=7565983744, percent=56.0, used=9458192384, free=716300288, active=6853599232, inactive=6647513088, wired=2604593152)
2021-11-25 14:13:53,344:INFO:Physical Core: 6
2021-11-25 14:13:53,345:INFO:Logical Core: 12
2021-11-25 14:13:53,345:INFO:Checking libraries
2021-11-25 14:13:53,345:INFO:pd==1.2.4
2021-11-25 14:13:53,345:INFO:numpy==1.19.5
2021-11-25 14:13:53,345:INFO:sklearn==0.23.2
2021-11-25 14:13:53,345:INFO:lightgbm==3.3.1
2021-11-25 14:13:53,346:WARNING:catboost not found
2021-11-25 14:13:53,346:WARNING:xgboost not found
2021-11-25 14:13:53,622:INFO:mlflow==1.21.0
2021-11-25 14:13:53,622:INFO:Checking Exceptions
2021-11-25 14:13:53,623:INFO:Declaring global variables
2021-11-25 14:13:53,623:INFO:USI: 7a7f
2021-11-25 14:13:53,623:INFO:pycaret_globals: {'_available_plots', 'imputation_regressor', 'fold_groups_param', 'logging_param', '_all_models', 'pycaret_globals', 'display_container', 'fold_shuffle_param', '_ml_usecase', 'transform_target_method_param', '_internal_pipeline', 'fix_imbalance_method_param', 'html_param', 'exp_name_log', '_all_models_internal', 'target_param', 'log_plots_param', 'fold_generator', 'master_model_container', 'fix_imbalance_param', 'seed', '_all_metrics', 'USI', 'stratify_param', 'iterative_imputation_iters_param', 'fold_groups_param_full', 'experiment__', 'n_jobs_param', 'gpu_param', 'X', 'prep_pipe', '_gpu_n_jobs_param', 'create_model_container', 'data_before_preprocess', 'transform_target_param', 'fold_param', 'imputation_classifier'}
2021-11-25 14:13:53,623:INFO:Preparing display monitor
2021-11-25 14:13:53,623:INFO:Importing libraries
2021-11-25 14:13:53,623:INFO:Copying data for preprocessing
2021-11-25 14:13:53,624:INFO:Declaring preprocessing parameters
2021-11-25 14:13:53,630:INFO:Creating preprocessing pipeline
2021-11-25 14:13:53,662:INFO:Preprocessing pipeline created successfully
2021-11-25 14:13:53,662:ERROR:(Process Exit): setup has been interupted with user command 'quit'. setup must rerun.
2021-11-25 14:13:53,662:INFO:Creating global containers
2021-11-25 14:13:53,663:INFO:Internal pipeline: Pipeline(memory=None, steps=[('empty_step', 'passthrough')], verbose=False)
2021-11-25 14:13:54,836:INFO:Creating grid variables
2021-11-25 14:13:54,845:INFO:create_model_container: 0
2021-11-25 14:13:54,845:INFO:master_model_container: 0
2021-11-25 14:13:54,845:INFO:display_container: 1
2021-11-25 14:13:54,850:INFO:Pipeline(memory=None,
         steps=[('dtypes',
                 DataTypes_Auto_infer(categorical_features=[],
                                      display_types=False, features_todrop=[],
                                      id_columns=[], ml_usecase='regression',
                                      numerical_features=[],
                                      target='UNSUPERVISED_DUMMY_TARGET',
                                      time_features=[])),
                ('imputer',
                 Simple_Imputer(categorical_strategy='most frequent',
                                fill_value_categorical=None,
                                fill_value_numerical=Non...
                ('dummy', Dummify(target='UNSUPERVISED_DUMMY_TARGET')),
                ('fix_perfect', 'passthrough'),
                ('clean_names', Clean_Colum_Names()),
                ('feature_select', 'passthrough'), ('fix_multi', 'passthrough'),
                ('dfs', 'passthrough'),
                ('pca',
                 Reduce_Dimensions_For_Supervised_Path(method='pca_liner',
                                                       random_state=5927,
                                                       target='UNSUPERVISED_DUMMY_TARGET',
                                                       variance_retained_or_number_of_components=None))],
         verbose=False)
2021-11-25 14:13:54,850:INFO:setup() succesfully completed......................................
2021-11-25 14:13:54,918:INFO:Initializing create_model()
2021-11-25 14:13:54,918:INFO:create_model(estimator=kmeans, num_clusters=4, fraction=0.05, ground_truth=None, round=4, fit_kwargs=None, verbose=False, system=True, add_to_model_list=True, raise_num_clusters=False, display=None, kwargs={})
2021-11-25 14:13:54,918:INFO:Checking exceptions
2021-11-25 14:13:54,919:INFO:Importing libraries
2021-11-25 14:13:54,919:INFO:Importing untrained model
2021-11-25 14:13:54,919:INFO:K-Means Clustering Imported succesfully
2021-11-25 14:13:54,919:INFO:Fitting Model
2021-11-25 14:14:00,270:INFO:KMeans(algorithm='auto', copy_x=True, init='k-means++', max_iter=300,
       n_clusters=4, n_init=10, n_jobs=-1, precompute_distances='deprecated',
       random_state=5927, tol=0.0001, verbose=0)
2021-11-25 14:14:00,270:INFO:create_models() succesfully completed......................................
2021-11-25 14:14:00,270:INFO:Uploading results into container
2021-11-25 14:14:00,273:INFO:Uploading model into container now
2021-11-25 14:14:00,273:INFO:create_model_container: 1
2021-11-25 14:14:00,273:INFO:master_model_container: 1
2021-11-25 14:14:00,273:INFO:display_container: 2
2021-11-25 14:14:00,274:INFO:KMeans(algorithm='auto', copy_x=True, init='k-means++', max_iter=300,
       n_clusters=4, n_init=10, n_jobs=-1, precompute_distances='deprecated',
       random_state=5927, tol=0.0001, verbose=0)
2021-11-25 14:14:00,274:INFO:create_model() succesfully completed......................................
2021-11-25 14:14:00,339:INFO:Initializing plot_model()
2021-11-25 14:14:00,339:INFO:plot_model(fold=None, use_train_data=False, verbose=True, is_in_evaluate=False, display=None, display_format=None, estimator=KMeans(algorithm='auto', copy_x=True, init='k-means++', max_iter=300,
       n_clusters=4, n_init=10, n_jobs=-1, precompute_distances='deprecated',
       random_state=5927, tol=0.0001, verbose=0), feature_name=None, fit_kwargs=None, groups=None, label=False, plot=elbow, save=True, scale=1, system=True)
2021-11-25 14:14:00,339:INFO:Checking exceptions
2021-11-25 14:14:00,339:INFO:Preparing display monitor
2021-11-25 14:14:00,343:INFO:Preloading libraries
2021-11-25 14:14:00,344:INFO:Copying training dataset
2021-11-25 14:14:00,347:INFO:Plot type: elbow
2021-11-25 14:14:00,468:INFO:Fitting Model
2021-11-25 14:14:06,333:INFO:Saving 'Elbow.png'
2021-11-25 14:14:06,463:INFO:Visual Rendered Successfully
2021-11-25 14:14:06,536:INFO:plot_model() succesfully completed......................................
2021-11-25 14:15:55,004:INFO:PyCaret Supervised Module
2021-11-25 14:15:55,004:INFO:ML Usecase: clustering
2021-11-25 14:15:55,004:INFO:version 2.3.5
2021-11-25 14:15:55,004:INFO:Initializing setup()
2021-11-25 14:15:55,004:INFO:setup(target=None, ml_usecase=clustering, available_plots={'cluster': 'Cluster PCA Plot (2d)', 'tsne': 'Cluster TSnE (3d)', 'elbow': 'Elbow', 'silhouette': 'Silhouette', 'distance': 'Distance', 'distribution': 'Distribution'}, train_size=0.7, test_data=None, preprocess=True, imputation_type=simple, iterative_imputation_iters=5, categorical_features=None, categorical_imputation=mode, categorical_iterative_imputer=lightgbm, ordinal_features=None, high_cardinality_features=None, high_cardinality_method=frequency, numeric_features=None, numeric_imputation=mean, numeric_iterative_imputer=lightgbm, date_features=None, ignore_features=None, normalize=True, normalize_method=zscore, transformation=False, transformation_method=yeo-johnson, handle_unknown_categorical=True, unknown_categorical_method=least_frequent, pca=False, pca_method=linear, pca_components=None, ignore_low_variance=False, combine_rare_levels=False, rare_level_threshold=0.1, bin_numeric_features=None, remove_outliers=False, outliers_threshold=0.05, remove_multicollinearity=False, multicollinearity_threshold=0.9, remove_perfect_collinearity=False, create_clusters=False, cluster_iter=20, polynomial_features=False, polynomial_degree=2, trigonometry_features=False, polynomial_threshold=0.1, group_features=None, group_names=None, feature_selection=False, feature_selection_threshold=0.8, feature_selection_method=classic, feature_interaction=False, feature_ratio=False, interaction_threshold=0.01, fix_imbalance=False, fix_imbalance_method=None, transform_target=False, transform_target_method=box-cox, data_split_shuffle=False, data_split_stratify=False, fold_strategy=kfold, fold=10, fold_shuffle=False, fold_groups=None, n_jobs=-1, use_gpu=False, custom_pipeline=None, html=True, session_id=None, log_experiment=False, experiment_name=None, log_plots=False, log_profile=False, log_data=False, silent=True, verbose=False, profile=False, profile_kwargs=None, display=None)
2021-11-25 14:15:55,004:INFO:Checking environment
2021-11-25 14:15:55,004:INFO:python_version: 3.8.8
2021-11-25 14:15:55,004:INFO:python_build: ('default', 'Apr 13 2021 12:59:45')
2021-11-25 14:15:55,005:INFO:machine: x86_64
2021-11-25 14:15:55,015:INFO:platform: macOS-10.16-x86_64-i386-64bit
2021-11-25 14:15:55,016:INFO:Memory: svmem(total=17179869184, available=7502802944, percent=56.3, used=9521491968, free=676544512, active=6829748224, inactive=6604873728, wired=2691743744)
2021-11-25 14:15:55,016:INFO:Physical Core: 6
2021-11-25 14:15:55,016:INFO:Logical Core: 12
2021-11-25 14:15:55,016:INFO:Checking libraries
2021-11-25 14:15:55,016:INFO:pd==1.2.4
2021-11-25 14:15:55,016:INFO:numpy==1.19.5
2021-11-25 14:15:55,016:INFO:sklearn==0.23.2
2021-11-25 14:15:55,017:INFO:lightgbm==3.3.1
2021-11-25 14:15:55,017:WARNING:catboost not found
2021-11-25 14:15:55,018:WARNING:xgboost not found
2021-11-25 14:15:55,292:INFO:mlflow==1.21.0
2021-11-25 14:15:55,293:INFO:Checking Exceptions
2021-11-25 14:15:55,293:INFO:Declaring global variables
2021-11-25 14:15:55,293:INFO:USI: 4a68
2021-11-25 14:15:55,293:INFO:pycaret_globals: {'_available_plots', 'imputation_regressor', '_ml_usecase', 'seed', 'fix_imbalance_param', 'fold_shuffle_param', 'fold_groups_param_full', 'experiment__', 'transform_target_method_param', '_internal_pipeline', 'exp_name_log', 'fold_param', 'imputation_classifier', 'iterative_imputation_iters_param', 'n_jobs_param', '_all_models', '_all_models_internal', 'pycaret_globals', 'fold_groups_param', 'gpu_param', 'logging_param', 'data_before_preprocess', 'X', '_all_metrics', 'USI', 'create_model_container', 'master_model_container', 'stratify_param', 'target_param', '_gpu_n_jobs_param', 'fold_generator', 'log_plots_param', 'fix_imbalance_method_param', 'display_container', 'transform_target_param', 'prep_pipe', 'html_param'}
2021-11-25 14:15:55,293:INFO:Preparing display monitor
2021-11-25 14:15:55,293:INFO:Importing libraries
2021-11-25 14:15:55,293:INFO:Copying data for preprocessing
2021-11-25 14:15:55,294:INFO:Declaring preprocessing parameters
2021-11-25 14:15:55,300:INFO:Creating preprocessing pipeline
2021-11-25 14:15:55,333:INFO:Preprocessing pipeline created successfully
2021-11-25 14:15:55,333:ERROR:(Process Exit): setup has been interupted with user command 'quit'. setup must rerun.
2021-11-25 14:15:55,333:INFO:Creating global containers
2021-11-25 14:15:55,334:INFO:Internal pipeline: Pipeline(memory=None, steps=[('empty_step', 'passthrough')], verbose=False)
2021-11-25 14:15:56,237:INFO:Creating grid variables
2021-11-25 14:15:56,247:INFO:create_model_container: 0
2021-11-25 14:15:56,247:INFO:master_model_container: 0
2021-11-25 14:15:56,247:INFO:display_container: 1
2021-11-25 14:15:56,252:INFO:Pipeline(memory=None,
         steps=[('dtypes',
                 DataTypes_Auto_infer(categorical_features=[],
                                      display_types=False, features_todrop=[],
                                      id_columns=[], ml_usecase='regression',
                                      numerical_features=[],
                                      target='UNSUPERVISED_DUMMY_TARGET',
                                      time_features=[])),
                ('imputer',
                 Simple_Imputer(categorical_strategy='most frequent',
                                fill_value_categorical=None,
                                fill_value_numerical=Non...
                ('P_transform', 'passthrough'), ('binn', 'passthrough'),
                ('rem_outliers', 'passthrough'), ('cluster_all', 'passthrough'),
                ('dummy', Dummify(target='UNSUPERVISED_DUMMY_TARGET')),
                ('fix_perfect', 'passthrough'),
                ('clean_names', Clean_Colum_Names()),
                ('feature_select', 'passthrough'), ('fix_multi', 'passthrough'),
                ('dfs', 'passthrough'), ('pca', 'passthrough')],
         verbose=False)
2021-11-25 14:15:56,252:INFO:setup() succesfully completed......................................
2021-11-25 14:15:56,329:INFO:Initializing create_model()
2021-11-25 14:15:56,330:INFO:create_model(estimator=kmeans, num_clusters=4, fraction=0.05, ground_truth=None, round=4, fit_kwargs=None, verbose=False, system=True, add_to_model_list=True, raise_num_clusters=False, display=None, kwargs={})
2021-11-25 14:15:56,330:INFO:Checking exceptions
2021-11-25 14:15:56,330:INFO:Importing libraries
2021-11-25 14:15:56,330:INFO:Importing untrained model
2021-11-25 14:15:56,330:INFO:K-Means Clustering Imported succesfully
2021-11-25 14:15:56,331:INFO:Fitting Model
2021-11-25 14:16:03,421:INFO:KMeans(algorithm='auto', copy_x=True, init='k-means++', max_iter=300,
       n_clusters=4, n_init=10, n_jobs=-1, precompute_distances='deprecated',
       random_state=8272, tol=0.0001, verbose=0)
2021-11-25 14:16:03,421:INFO:create_models() succesfully completed......................................
2021-11-25 14:16:03,421:INFO:Uploading results into container
2021-11-25 14:16:03,424:INFO:Uploading model into container now
2021-11-25 14:16:03,424:INFO:create_model_container: 1
2021-11-25 14:16:03,424:INFO:master_model_container: 1
2021-11-25 14:16:03,424:INFO:display_container: 2
2021-11-25 14:16:03,425:INFO:KMeans(algorithm='auto', copy_x=True, init='k-means++', max_iter=300,
       n_clusters=4, n_init=10, n_jobs=-1, precompute_distances='deprecated',
       random_state=8272, tol=0.0001, verbose=0)
2021-11-25 14:16:03,425:INFO:create_model() succesfully completed......................................
2021-11-25 14:16:03,487:INFO:Initializing plot_model()
2021-11-25 14:16:03,487:INFO:plot_model(fold=None, use_train_data=False, verbose=True, is_in_evaluate=False, display=None, display_format=None, estimator=KMeans(algorithm='auto', copy_x=True, init='k-means++', max_iter=300,
       n_clusters=4, n_init=10, n_jobs=-1, precompute_distances='deprecated',
       random_state=8272, tol=0.0001, verbose=0), feature_name=None, fit_kwargs=None, groups=None, label=False, plot=elbow, save=True, scale=1, system=True)
2021-11-25 14:16:03,487:INFO:Checking exceptions
2021-11-25 14:16:03,487:INFO:Preparing display monitor
2021-11-25 14:16:03,492:INFO:Preloading libraries
2021-11-25 14:16:03,492:INFO:Copying training dataset
2021-11-25 14:16:03,506:INFO:Plot type: elbow
2021-11-25 14:16:03,626:INFO:Fitting Model
2021-11-25 14:16:20,195:INFO:Saving 'Elbow.png'
2021-11-25 14:16:20,331:INFO:Visual Rendered Successfully
2021-11-25 14:16:20,402:INFO:plot_model() succesfully completed......................................
2021-11-25 14:35:59,451:INFO:PyCaret Supervised Module
2021-11-25 14:35:59,452:INFO:ML Usecase: clustering
2021-11-25 14:35:59,452:INFO:version 2.3.5
2021-11-25 14:35:59,452:INFO:Initializing setup()
2021-11-25 14:35:59,452:INFO:setup(target=None, ml_usecase=clustering, available_plots={'cluster': 'Cluster PCA Plot (2d)', 'tsne': 'Cluster TSnE (3d)', 'elbow': 'Elbow', 'silhouette': 'Silhouette', 'distance': 'Distance', 'distribution': 'Distribution'}, train_size=0.7, test_data=None, preprocess=True, imputation_type=simple, iterative_imputation_iters=5, categorical_features=None, categorical_imputation=mode, categorical_iterative_imputer=lightgbm, ordinal_features=None, high_cardinality_features=None, high_cardinality_method=frequency, numeric_features=None, numeric_imputation=mean, numeric_iterative_imputer=lightgbm, date_features=None, ignore_features=None, normalize=False, normalize_method=zscore, transformation=True, transformation_method=yeo-johnson, handle_unknown_categorical=True, unknown_categorical_method=least_frequent, pca=True, pca_method=linear, pca_components=None, ignore_low_variance=False, combine_rare_levels=False, rare_level_threshold=0.1, bin_numeric_features=None, remove_outliers=False, outliers_threshold=0.05, remove_multicollinearity=False, multicollinearity_threshold=0.9, remove_perfect_collinearity=False, create_clusters=False, cluster_iter=20, polynomial_features=False, polynomial_degree=2, trigonometry_features=False, polynomial_threshold=0.1, group_features=None, group_names=None, feature_selection=False, feature_selection_threshold=0.8, feature_selection_method=classic, feature_interaction=False, feature_ratio=False, interaction_threshold=0.01, fix_imbalance=False, fix_imbalance_method=None, transform_target=False, transform_target_method=box-cox, data_split_shuffle=False, data_split_stratify=False, fold_strategy=kfold, fold=10, fold_shuffle=False, fold_groups=None, n_jobs=-1, use_gpu=False, custom_pipeline=None, html=True, session_id=None, log_experiment=False, experiment_name=None, log_plots=False, log_profile=False, log_data=False, silent=True, verbose=False, profile=False, profile_kwargs=None, display=None)
2021-11-25 14:35:59,452:INFO:Checking environment
2021-11-25 14:35:59,452:INFO:python_version: 3.8.8
2021-11-25 14:35:59,452:INFO:python_build: ('default', 'Apr 13 2021 12:59:45')
2021-11-25 14:35:59,452:INFO:machine: x86_64
2021-11-25 14:35:59,466:INFO:platform: macOS-10.16-x86_64-i386-64bit
2021-11-25 14:35:59,467:INFO:Memory: svmem(total=17179869184, available=7170220032, percent=58.3, used=9770659840, free=19644416, active=7155339264, inactive=7065632768, wired=2615320576)
2021-11-25 14:35:59,467:INFO:Physical Core: 6
2021-11-25 14:35:59,467:INFO:Logical Core: 12
2021-11-25 14:35:59,467:INFO:Checking libraries
2021-11-25 14:35:59,467:INFO:pd==1.2.4
2021-11-25 14:35:59,467:INFO:numpy==1.19.5
2021-11-25 14:35:59,467:INFO:sklearn==0.23.2
2021-11-25 14:35:59,468:INFO:lightgbm==3.3.1
2021-11-25 14:35:59,468:WARNING:catboost not found
2021-11-25 14:35:59,469:WARNING:xgboost not found
2021-11-25 14:35:59,916:INFO:mlflow==1.21.0
2021-11-25 14:35:59,917:INFO:Checking Exceptions
2021-11-25 14:35:59,917:INFO:Declaring global variables
2021-11-25 14:35:59,917:INFO:USI: 81c3
2021-11-25 14:35:59,917:INFO:pycaret_globals: {'fix_imbalance_method_param', '_available_plots', 'imputation_regressor', 'seed', '_all_models', '_gpu_n_jobs_param', 'html_param', '_internal_pipeline', 'fold_shuffle_param', 'logging_param', 'create_model_container', 'X', 'fix_imbalance_param', '_all_metrics', 'fold_groups_param_full', 'data_before_preprocess', 'iterative_imputation_iters_param', 'target_param', '_ml_usecase', 'fold_param', 'gpu_param', 'exp_name_log', 'pycaret_globals', 'n_jobs_param', 'display_container', 'prep_pipe', 'stratify_param', 'fold_groups_param', 'log_plots_param', 'USI', 'master_model_container', 'transform_target_param', 'imputation_classifier', 'experiment__', 'fold_generator', 'transform_target_method_param', '_all_models_internal'}
2021-11-25 14:35:59,917:INFO:Preparing display monitor
2021-11-25 14:35:59,917:INFO:Importing libraries
2021-11-25 14:35:59,917:INFO:Copying data for preprocessing
2021-11-25 14:35:59,919:INFO:Declaring preprocessing parameters
2021-11-25 14:35:59,927:INFO:Creating preprocessing pipeline
2021-11-25 14:35:59,966:INFO:Preprocessing pipeline created successfully
2021-11-25 14:35:59,966:ERROR:(Process Exit): setup has been interupted with user command 'quit'. setup must rerun.
2021-11-25 14:35:59,966:INFO:Creating global containers
2021-11-25 14:35:59,967:INFO:Internal pipeline: Pipeline(memory=None, steps=[('empty_step', 'passthrough')], verbose=False)
2021-11-25 14:36:01,630:INFO:Creating grid variables
2021-11-25 14:36:01,643:INFO:create_model_container: 0
2021-11-25 14:36:01,643:INFO:master_model_container: 0
2021-11-25 14:36:01,643:INFO:display_container: 1
2021-11-25 14:36:01,649:INFO:Pipeline(memory=None,
         steps=[('dtypes',
                 DataTypes_Auto_infer(categorical_features=[],
                                      display_types=False, features_todrop=[],
                                      id_columns=[], ml_usecase='regression',
                                      numerical_features=[],
                                      target='UNSUPERVISED_DUMMY_TARGET',
                                      time_features=[])),
                ('imputer',
                 Simple_Imputer(categorical_strategy='most frequent',
                                fill_value_categorical=None,
                                fill_value_numerical=Non...
                ('dummy', Dummify(target='UNSUPERVISED_DUMMY_TARGET')),
                ('fix_perfect', 'passthrough'),
                ('clean_names', Clean_Colum_Names()),
                ('feature_select', 'passthrough'), ('fix_multi', 'passthrough'),
                ('dfs', 'passthrough'),
                ('pca',
                 Reduce_Dimensions_For_Supervised_Path(method='pca_liner',
                                                       random_state=278,
                                                       target='UNSUPERVISED_DUMMY_TARGET',
                                                       variance_retained_or_number_of_components=None))],
         verbose=False)
2021-11-25 14:36:01,649:INFO:setup() succesfully completed......................................
2021-11-25 14:36:01,735:INFO:Initializing create_model()
2021-11-25 14:36:01,736:INFO:create_model(estimator=kmeans, num_clusters=4, fraction=0.05, ground_truth=None, round=4, fit_kwargs=None, verbose=False, system=True, add_to_model_list=True, raise_num_clusters=False, display=None, kwargs={})
2021-11-25 14:36:01,736:INFO:Checking exceptions
2021-11-25 14:36:01,736:INFO:Importing libraries
2021-11-25 14:36:01,736:INFO:Importing untrained model
2021-11-25 14:36:01,736:INFO:K-Means Clustering Imported succesfully
2021-11-25 14:36:01,737:INFO:Fitting Model
2021-11-25 14:36:08,484:INFO:KMeans(algorithm='auto', copy_x=True, init='k-means++', max_iter=300,
       n_clusters=4, n_init=10, n_jobs=-1, precompute_distances='deprecated',
       random_state=278, tol=0.0001, verbose=0)
2021-11-25 14:36:08,484:INFO:create_models() succesfully completed......................................
2021-11-25 14:36:08,484:INFO:Uploading results into container
2021-11-25 14:36:08,488:INFO:Uploading model into container now
2021-11-25 14:36:08,488:INFO:create_model_container: 1
2021-11-25 14:36:08,488:INFO:master_model_container: 1
2021-11-25 14:36:08,488:INFO:display_container: 2
2021-11-25 14:36:08,488:INFO:KMeans(algorithm='auto', copy_x=True, init='k-means++', max_iter=300,
       n_clusters=4, n_init=10, n_jobs=-1, precompute_distances='deprecated',
       random_state=278, tol=0.0001, verbose=0)
2021-11-25 14:36:08,488:INFO:create_model() succesfully completed......................................
2021-11-25 14:36:08,560:INFO:Initializing plot_model()
2021-11-25 14:36:08,560:INFO:plot_model(fold=None, use_train_data=False, verbose=True, is_in_evaluate=False, display=None, display_format=None, estimator=KMeans(algorithm='auto', copy_x=True, init='k-means++', max_iter=300,
       n_clusters=4, n_init=10, n_jobs=-1, precompute_distances='deprecated',
       random_state=278, tol=0.0001, verbose=0), feature_name=None, fit_kwargs=None, groups=None, label=False, plot=elbow, save=True, scale=1, system=True)
2021-11-25 14:36:08,560:INFO:Checking exceptions
2021-11-25 14:36:08,560:INFO:Preparing display monitor
2021-11-25 14:36:08,565:INFO:Preloading libraries
2021-11-25 14:36:08,566:INFO:Copying training dataset
2021-11-25 14:36:08,569:INFO:Plot type: elbow
2021-11-25 14:36:08,715:INFO:Fitting Model
2021-11-25 14:36:14,977:INFO:Saving 'Elbow.png'
2021-11-25 14:36:15,123:INFO:Visual Rendered Successfully
2021-11-25 14:36:15,192:INFO:plot_model() succesfully completed......................................
2021-11-25 14:47:18,209:INFO:PyCaret Supervised Module
2021-11-25 14:47:18,209:INFO:ML Usecase: clustering
2021-11-25 14:47:18,209:INFO:version 2.3.5
2021-11-25 14:47:18,209:INFO:Initializing setup()
2021-11-25 14:47:18,210:INFO:setup(target=None, ml_usecase=clustering, available_plots={'cluster': 'Cluster PCA Plot (2d)', 'tsne': 'Cluster TSnE (3d)', 'elbow': 'Elbow', 'silhouette': 'Silhouette', 'distance': 'Distance', 'distribution': 'Distribution'}, train_size=0.7, test_data=None, preprocess=True, imputation_type=simple, iterative_imputation_iters=5, categorical_features=None, categorical_imputation=mode, categorical_iterative_imputer=lightgbm, ordinal_features=None, high_cardinality_features=None, high_cardinality_method=frequency, numeric_features=None, numeric_imputation=mean, numeric_iterative_imputer=lightgbm, date_features=None, ignore_features=None, normalize=True, normalize_method=zscore, transformation=True, transformation_method=yeo-johnson, handle_unknown_categorical=True, unknown_categorical_method=least_frequent, pca=False, pca_method=linear, pca_components=None, ignore_low_variance=False, combine_rare_levels=False, rare_level_threshold=0.1, bin_numeric_features=None, remove_outliers=False, outliers_threshold=0.05, remove_multicollinearity=False, multicollinearity_threshold=0.9, remove_perfect_collinearity=False, create_clusters=False, cluster_iter=20, polynomial_features=False, polynomial_degree=2, trigonometry_features=False, polynomial_threshold=0.1, group_features=None, group_names=None, feature_selection=False, feature_selection_threshold=0.8, feature_selection_method=classic, feature_interaction=False, feature_ratio=False, interaction_threshold=0.01, fix_imbalance=False, fix_imbalance_method=None, transform_target=False, transform_target_method=box-cox, data_split_shuffle=False, data_split_stratify=False, fold_strategy=kfold, fold=10, fold_shuffle=False, fold_groups=None, n_jobs=-1, use_gpu=False, custom_pipeline=None, html=True, session_id=None, log_experiment=False, experiment_name=None, log_plots=False, log_profile=False, log_data=False, silent=True, verbose=False, profile=False, profile_kwargs=None, display=None)
2021-11-25 14:47:18,210:INFO:Checking environment
2021-11-25 14:47:18,210:INFO:python_version: 3.8.8
2021-11-25 14:47:18,210:INFO:python_build: ('default', 'Apr 13 2021 12:59:45')
2021-11-25 14:47:18,210:INFO:machine: x86_64
2021-11-25 14:47:18,222:INFO:platform: macOS-10.16-x86_64-i386-64bit
2021-11-25 14:47:18,223:INFO:Memory: svmem(total=17179869184, available=7113469952, percent=58.6, used=9693663232, free=90427392, active=7027974144, inactive=7001501696, wired=2665689088)
2021-11-25 14:47:18,223:INFO:Physical Core: 6
2021-11-25 14:47:18,223:INFO:Logical Core: 12
2021-11-25 14:47:18,223:INFO:Checking libraries
2021-11-25 14:47:18,223:INFO:pd==1.2.4
2021-11-25 14:47:18,224:INFO:numpy==1.19.5
2021-11-25 14:47:18,224:INFO:sklearn==0.23.2
2021-11-25 14:47:18,224:INFO:lightgbm==3.3.1
2021-11-25 14:47:18,225:WARNING:catboost not found
2021-11-25 14:47:18,226:WARNING:xgboost not found
2021-11-25 14:47:18,656:INFO:mlflow==1.21.0
2021-11-25 14:47:18,656:INFO:Checking Exceptions
2021-11-25 14:47:18,656:INFO:Declaring global variables
2021-11-25 14:47:18,656:INFO:USI: db23
2021-11-25 14:47:18,656:INFO:pycaret_globals: {'n_jobs_param', 'data_before_preprocess', 'gpu_param', 'fold_param', '_available_plots', '_all_models', 'X', 'fix_imbalance_param', '_all_metrics', 'stratify_param', '_all_models_internal', 'iterative_imputation_iters_param', '_internal_pipeline', 'log_plots_param', 'html_param', 'fold_generator', '_gpu_n_jobs_param', 'transform_target_param', 'imputation_classifier', 'fix_imbalance_method_param', 'pycaret_globals', 'imputation_regressor', 'fold_shuffle_param', 'seed', 'create_model_container', 'prep_pipe', 'transform_target_method_param', 'master_model_container', '_ml_usecase', 'logging_param', 'fold_groups_param_full', 'exp_name_log', 'target_param', 'display_container', 'experiment__', 'fold_groups_param', 'USI'}
2021-11-25 14:47:18,656:INFO:Preparing display monitor
2021-11-25 14:47:18,656:INFO:Importing libraries
2021-11-25 14:47:18,656:INFO:Copying data for preprocessing
2021-11-25 14:47:18,658:INFO:Declaring preprocessing parameters
2021-11-25 14:47:18,665:INFO:Creating preprocessing pipeline
2021-11-25 14:47:18,699:INFO:Preprocessing pipeline created successfully
2021-11-25 14:47:18,699:ERROR:(Process Exit): setup has been interupted with user command 'quit'. setup must rerun.
2021-11-25 14:47:18,699:INFO:Creating global containers
2021-11-25 14:47:18,700:INFO:Internal pipeline: Pipeline(memory=None, steps=[('empty_step', 'passthrough')], verbose=False)
2021-11-25 14:47:19,682:INFO:Creating grid variables
2021-11-25 14:47:19,692:INFO:create_model_container: 0
2021-11-25 14:47:19,692:INFO:master_model_container: 0
2021-11-25 14:47:19,692:INFO:display_container: 1
2021-11-25 14:47:19,698:INFO:Pipeline(memory=None,
         steps=[('dtypes',
                 DataTypes_Auto_infer(categorical_features=[],
                                      display_types=False, features_todrop=[],
                                      id_columns=[], ml_usecase='regression',
                                      numerical_features=[],
                                      target='UNSUPERVISED_DUMMY_TARGET',
                                      time_features=[])),
                ('imputer',
                 Simple_Imputer(categorical_strategy='most frequent',
                                fill_value_categorical=None,
                                fill_value_numerical=Non...
                                                  target='UNSUPERVISED_DUMMY_TARGET')),
                ('binn', 'passthrough'), ('rem_outliers', 'passthrough'),
                ('cluster_all', 'passthrough'),
                ('dummy', Dummify(target='UNSUPERVISED_DUMMY_TARGET')),
                ('fix_perfect', 'passthrough'),
                ('clean_names', Clean_Colum_Names()),
                ('feature_select', 'passthrough'), ('fix_multi', 'passthrough'),
                ('dfs', 'passthrough'), ('pca', 'passthrough')],
         verbose=False)
2021-11-25 14:47:19,698:INFO:setup() succesfully completed......................................
2021-11-25 14:47:19,780:INFO:Initializing create_model()
2021-11-25 14:47:19,780:INFO:create_model(estimator=kmeans, num_clusters=4, fraction=0.05, ground_truth=None, round=4, fit_kwargs=None, verbose=False, system=True, add_to_model_list=True, raise_num_clusters=False, display=None, kwargs={})
2021-11-25 14:47:19,780:INFO:Checking exceptions
2021-11-25 14:47:19,781:INFO:Importing libraries
2021-11-25 14:47:19,781:INFO:Importing untrained model
2021-11-25 14:47:19,781:INFO:K-Means Clustering Imported succesfully
2021-11-25 14:47:19,782:INFO:Fitting Model
2021-11-25 14:47:27,055:INFO:KMeans(algorithm='auto', copy_x=True, init='k-means++', max_iter=300,
       n_clusters=4, n_init=10, n_jobs=-1, precompute_distances='deprecated',
       random_state=155, tol=0.0001, verbose=0)
2021-11-25 14:47:27,055:INFO:create_models() succesfully completed......................................
2021-11-25 14:47:27,055:INFO:Uploading results into container
2021-11-25 14:47:27,058:INFO:Uploading model into container now
2021-11-25 14:47:27,058:INFO:create_model_container: 1
2021-11-25 14:47:27,058:INFO:master_model_container: 1
2021-11-25 14:47:27,058:INFO:display_container: 2
2021-11-25 14:47:27,059:INFO:KMeans(algorithm='auto', copy_x=True, init='k-means++', max_iter=300,
       n_clusters=4, n_init=10, n_jobs=-1, precompute_distances='deprecated',
       random_state=155, tol=0.0001, verbose=0)
2021-11-25 14:47:27,059:INFO:create_model() succesfully completed......................................
2021-11-25 14:47:27,122:INFO:Initializing plot_model()
2021-11-25 14:47:27,122:INFO:plot_model(fold=None, use_train_data=False, verbose=True, is_in_evaluate=False, display=None, display_format=None, estimator=KMeans(algorithm='auto', copy_x=True, init='k-means++', max_iter=300,
       n_clusters=4, n_init=10, n_jobs=-1, precompute_distances='deprecated',
       random_state=155, tol=0.0001, verbose=0), feature_name=None, fit_kwargs=None, groups=None, label=False, plot=elbow, save=True, scale=1, system=True)
2021-11-25 14:47:27,122:INFO:Checking exceptions
2021-11-25 14:47:27,122:INFO:Preparing display monitor
2021-11-25 14:47:27,127:INFO:Preloading libraries
2021-11-25 14:47:27,127:INFO:Copying training dataset
2021-11-25 14:47:27,143:INFO:Plot type: elbow
2021-11-25 14:47:27,279:INFO:Fitting Model
2021-11-25 14:47:45,398:INFO:Saving 'Elbow.png'
2021-11-25 14:47:45,534:INFO:Visual Rendered Successfully
2021-11-25 14:47:45,605:INFO:plot_model() succesfully completed......................................
